#
# There is insufficient memory for the Java Runtime Environment to continue.
# Native memory allocation (malloc) failed to allocate 1332368 bytes for Chunk::new
# Possible reasons:
#   The system is out of physical RAM or swap space
#   In 32 bit mode, the process size limit was hit
# Possible solutions:
#   Reduce memory load on the system
#   Increase physical memory or swap space
#   Check if swap backing store is full
#   Use 64 bit Java on a 64 bit OS
#   Decrease Java heap size (-Xmx/-Xms)
#   Decrease number of Java threads
#   Decrease Java thread stack sizes (-Xss)
#   Set larger code cache with -XX:ReservedCodeCacheSize=
# This output file may be truncated or incomplete.
#
#  Out of Memory Error (allocation.cpp:390), pid=10372, tid=8840
#
# JRE version: Java(TM) SE Runtime Environment (8.0_74-b02) (build 1.8.0_74-b02)
# Java VM: Java HotSpot(TM) 64-Bit Server VM (25.74-b02 mixed mode windows-amd64 compressed oops)
# Failed to write core dump. Minidumps are not enabled by default on client versions of Windows
#

---------------  T H R E A D  ---------------

Current thread (0x000000005515e800):  JavaThread "C2 CompilerThread1" daemon [_thread_in_native, id=8840, stack(0x0000000057990000,0x0000000057a90000)]

Stack: [0x0000000057990000,0x0000000057a90000]
[error occurred during error reporting (printing stack bounds), id 0xc0000005]

Native frames: (J=compiled Java code, j=interpreted, Vv=VM code, C=native code)


Current CompileTask:
C2:   3522 1328   !   4       com.android.dx.cf.cst.ConstantPoolParser::parse0 (731 bytes)


---------------  P R O C E S S  ---------------

Java Threads: ( => current thread )
  0x0000000057222000 JavaThread "pool-1-thread-4" [_thread_blocked, id=7944, stack(0x0000000058320000,0x0000000058420000)]
  0x000000005721f000 JavaThread "pool-1-thread-3" [_thread_blocked, id=4036, stack(0x0000000058210000,0x0000000058310000)]
  0x000000005721e000 JavaThread "pool-1-thread-2" [_thread_blocked, id=3312, stack(0x0000000057260000,0x0000000057360000)]
  0x0000000057218800 JavaThread "pool-2-thread-1" [_thread_blocked, id=8556, stack(0x0000000057c00000,0x0000000057d00000)]
  0x0000000057217800 JavaThread "pool-1-thread-1" [_thread_blocked, id=9676, stack(0x0000000057f60000,0x0000000058060000)]
  0x0000000056ef7800 JavaThread "Service Thread" daemon [_thread_blocked, id=10036, stack(0x0000000057ab0000,0x0000000057bb0000)]
  0x0000000056e74800 JavaThread "C1 CompilerThread2" daemon [_thread_blocked, id=9988, stack(0x0000000057660000,0x0000000057760000)]
=>0x000000005515e800 JavaThread "C2 CompilerThread1" daemon [_thread_in_native, id=8840, stack(0x0000000057990000,0x0000000057a90000)]
  0x0000000056e6b800 JavaThread "C2 CompilerThread0" daemon [_thread_in_native, id=9536, stack(0x00000000577a0000,0x00000000578a0000)]
  0x0000000056e6a800 JavaThread "Attach Listener" daemon [_thread_blocked, id=8000, stack(0x0000000057520000,0x0000000057620000)]
  0x000000005514b800 JavaThread "Signal Dispatcher" daemon [_thread_blocked, id=9212, stack(0x0000000057370000,0x0000000057470000)]
  0x0000000055139800 JavaThread "Finalizer" daemon [_thread_blocked, id=7840, stack(0x0000000056d60000,0x0000000056e60000)]
  0x00000000550f1800 JavaThread "Reference Handler" daemon [_thread_blocked, id=10092, stack(0x0000000056bd0000,0x0000000056cd0000)]
  0x000000000255d800 JavaThread "main" [_thread_blocked, id=10640, stack(0x00000000025b0000,0x00000000026b0000)]

Other Threads:
  0x00000000550ea000 VMThread [stack: 0x0000000056a10000,0x0000000056b10000] [id=10196]
  0x0000000056f2e000 WatcherThread [stack: 0x0000000057d50000,0x0000000057e50000] [id=10760]

VM state:not at safepoint (normal execution)

VM Mutex/Monitor currently owned by a thread: None

Heap:
 PSYoungGen      total 34304K, used 26028K [0x00000000eab00000, 0x00000000ecf00000, 0x0000000100000000)
  eden space 31744K, 74% used [0x00000000eab00000,0x00000000ec1f2f60,0x00000000eca00000)
  from space 2560K, 98% used [0x00000000ecc80000,0x00000000ecef82f8,0x00000000ecf00000)
  to   space 2560K, 0% used [0x00000000eca00000,0x00000000eca00000,0x00000000ecc80000)
 ParOldGen       total 42496K, used 2873K [0x00000000c0000000, 0x00000000c2980000, 0x00000000eab00000)
  object space 42496K, 6% used [0x00000000c0000000,0x00000000c02ce728,0x00000000c2980000)
 Metaspace       used 6167K, capacity 7028K, committed 7296K, reserved 1056768K
  class space    used 606K, capacity 620K, committed 640K, reserved 1048576K

Card table byte_map: [0x0000000011b80000,0x0000000011d90000] byte_map_base: 0x0000000011580000

Marking Bits: (ParMarkBitMap*) 0x0000000055f80600
 Begin Bits: [0x0000000012560000, 0x0000000013560000)
 End Bits:   [0x0000000013560000, 0x0000000014560000)

Polling page: 0x0000000000340000

CodeCache: size=245760Kb used=5851Kb max_used=5851Kb free=239908Kb
 bounds [0x00000000027c0000, 0x0000000002d80000, 0x00000000117c0000]
 total_blobs=1694 nmethods=1423 adapters=184
 compilation: enabled

Compilation events (10 events):
Event: 3.388 Thread 0x0000000056e74800 1429       3       com.android.dx.ssa.NormalSsaInsn::isMoveException (20 bytes)
Event: 3.389 Thread 0x0000000056e74800 nmethod 1429 0x0000000002d6d390 code [0x0000000002d6d500, 0x0000000002d6d7f0]
Event: 3.390 Thread 0x0000000056e74800 1430       3       com.android.dx.ssa.SsaBasicBlock::addMoveToEnd (172 bytes)
Event: 3.392 Thread 0x0000000056e74800 nmethod 1430 0x0000000002d78dd0 code [0x0000000002d79160, 0x0000000002d7b028]
Event: 3.393 Thread 0x0000000056e74800 1431       3       com.android.dx.dex.file.CodeItem::<init> (81 bytes)
Event: 3.394 Thread 0x0000000056e74800 nmethod 1431 0x0000000002d747d0 code [0x0000000002d74980, 0x0000000002d74e78]
Event: 3.395 Thread 0x0000000056e74800 1433       3       com.android.dx.rop.cst.TypedConstant::getBasicType (8 bytes)
Event: 3.395 Thread 0x0000000056e74800 nmethod 1433 0x0000000002d74310 code [0x0000000002d74480, 0x0000000002d74728]
Event: 3.403 Thread 0x0000000056e74800 1435       3       java.util.concurrent.locks.ReentrantLock$Sync::tryRelease (45 bytes)
Event: 3.403 Thread 0x0000000056e74800 nmethod 1435 0x0000000002d73ad0 code [0x0000000002d73c60, 0x0000000002d741e8]

GC Heap History (4 events):
Event: 1.015 GC heap before
{Heap before GC invocations=1 (full 0):
 PSYoungGen      total 18432K, used 15872K [0x00000000eab00000, 0x00000000ebf80000, 0x0000000100000000)
  eden space 15872K, 100% used [0x00000000eab00000,0x00000000eba80000,0x00000000eba80000)
  from space 2560K, 0% used [0x00000000ebd00000,0x00000000ebd00000,0x00000000ebf80000)
  to   space 2560K, 0% used [0x00000000eba80000,0x00000000eba80000,0x00000000ebd00000)
 ParOldGen       total 42496K, used 0K [0x00000000c0000000, 0x00000000c2980000, 0x00000000eab00000)
  object space 42496K, 0% used [0x00000000c0000000,0x00000000c0000000,0x00000000c2980000)
 Metaspace       used 5502K, capacity 6448K, committed 6528K, reserved 1056768K
  class space    used 598K, capacity 616K, committed 640K, reserved 1048576K
Event: 1.086 GC heap after
Heap after GC invocations=1 (full 0):
 PSYoungGen      total 18432K, used 2557K [0x00000000eab00000, 0x00000000ecf00000, 0x0000000100000000)
  eden space 15872K, 0% used [0x00000000eab00000,0x00000000eab00000,0x00000000eba80000)
  from space 2560K, 99% used [0x00000000eba80000,0x00000000ebcff5f0,0x00000000ebd00000)
  to   space 2560K, 0% used [0x00000000ecc80000,0x00000000ecc80000,0x00000000ecf00000)
 ParOldGen       total 42496K, used 1019K [0x00000000c0000000, 0x00000000c2980000, 0x00000000eab00000)
  object space 42496K, 2% used [0x00000000c0000000,0x00000000c00fef20,0x00000000c2980000)
 Metaspace       used 5502K, capacity 6448K, committed 6528K, reserved 1056768K
  class space    used 598K, capacity 616K, committed 640K, reserved 1048576K
}
Event: 1.858 GC heap before
{Heap before GC invocations=2 (full 0):
 PSYoungGen      total 18432K, used 18429K [0x00000000eab00000, 0x00000000ecf00000, 0x0000000100000000)
  eden space 15872K, 100% used [0x00000000eab00000,0x00000000eba80000,0x00000000eba80000)
  from space 2560K, 99% used [0x00000000eba80000,0x00000000ebcff5f0,0x00000000ebd00000)
  to   space 2560K, 0% used [0x00000000ecc80000,0x00000000ecc80000,0x00000000ecf00000)
 ParOldGen       total 42496K, used 1019K [0x00000000c0000000, 0x00000000c2980000, 0x00000000eab00000)
  object space 42496K, 2% used [0x00000000c0000000,0x00000000c00fef20,0x00000000c2980000)
 Metaspace       used 6056K, capacity 6900K, committed 7040K, reserved 1056768K
  class space    used 606K, capacity 620K, committed 640K, reserved 1048576K
Event: 2.336 GC heap after
Heap after GC invocations=2 (full 0):
 PSYoungGen      total 34304K, used 2528K [0x00000000eab00000, 0x00000000ecf00000, 0x0000000100000000)
  eden space 31744K, 0% used [0x00000000eab00000,0x00000000eab00000,0x00000000eca00000)
  from space 2560K, 98% used [0x00000000ecc80000,0x00000000ecef82f8,0x00000000ecf00000)
  to   space 2560K, 0% used [0x00000000eca00000,0x00000000eca00000,0x00000000ecc80000)
 ParOldGen       total 42496K, used 2873K [0x00000000c0000000, 0x00000000c2980000, 0x00000000eab00000)
  object space 42496K, 6% used [0x00000000c0000000,0x00000000c02ce728,0x00000000c2980000)
 Metaspace       used 6056K, capacity 6900K, committed 7040K, reserved 1056768K
  class space    used 606K, capacity 620K, committed 640K, reserved 1048576K
}

Deoptimization events (8 events):
Event: 0.481 Thread 0x000000000255d800 Uncommon trap: reason=unstable_if action=reinterpret pc=0x0000000002913084 method=java.lang.String.compareTo(Ljava/lang/String;)I @ 38
Event: 1.092 Thread 0x0000000057222000 Uncommon trap: reason=bimorphic action=maybe_recompile pc=0x00000000029cb874 method=java.util.HashMap.getNode(ILjava/lang/Object;)Ljava/util/HashMap$Node; @ 126
Event: 1.265 Thread 0x000000005721f000 Uncommon trap: reason=unstable_if action=reinterpret pc=0x00000000029cb850 method=java.util.HashMap.getNode(ILjava/lang/Object;)Ljava/util/HashMap$Node; @ 129
Event: 1.270 Thread 0x000000005721f000 Uncommon trap: reason=unstable_if action=reinterpret pc=0x0000000002a074a0 method=java.util.BitSet.nextSetBit(I)I @ 87
Event: 1.400 Thread 0x0000000057217800 Uncommon trap: reason=unstable_if action=reinterpret pc=0x0000000002bceb98 method=com.android.dx.rop.code.RegisterSpecSet.put(Lcom/android/dx/rop/code/RegisterSpec;)V @ 77
Event: 1.406 Thread 0x0000000057222000 Uncommon trap: reason=unstable_if action=reinterpret pc=0x0000000002b1ffb4 method=com.android.dx.rop.code.RegisterSpec.equals(ILcom/android/dx/rop/type/TypeBearer;Lcom/android/dx/rop/code/LocalItem;)Z @ 42
Event: 3.294 Thread 0x0000000057217800 Uncommon trap: reason=unstable_if action=reinterpret pc=0x0000000002d15418 method=com.android.dx.ssa.SCCP.simulateBranch(Lcom/android/dx/ssa/SsaInsn;)V @ 107
Event: 3.329 Thread 0x000000005721e000 Uncommon trap: reason=unstable_if action=reinterpret pc=0x0000000002b52144 method=com.android.dx.rop.cst.Constant.compareTo(Lcom/android/dx/rop/cst/Constant;)I @ 12

Internal exceptions (2 events):
Event: 0.116 Thread 0x000000000255d800 Exception <a 'java/lang/NoSuchMethodError': Method sun.misc.Unsafe.defineClass(Ljava/lang/String;[BII)Ljava/lang/Class; name or signature does not match> (0x00000000eab07cc0) thrown at [C:\re\workspace\8-2-build-windows-amd64-cygwin\jdk8u74\6087\hotspot\srçnözΩΩ?
Event: 0.116 Thread 0x000000000255d800 Exception <a 'java/lang/NoSuchMethodError': Method sun.misc.Unsafe.prefetchRead(Ljava/lang/Object;J)V name or signature does not match> (0x00000000eab07fa8) thrown at [C:\re\workspace\8-2-build-windows-amd64-cygwin\jdk8u74\6087\hotspot\src\share\vm\prims\j

Events (10 events):
Event: 1.603 loading class com/android/dx/dex/file/FieldAnnotationStruct
Event: 1.603 loading class com/android/dx/dex/file/FieldAnnotationStruct done
Event: 1.835 Executing VM operation: ParallelGCFailedAllocation
Event: 2.336 Executing VM operation: ParallelGCFailedAllocation done
Event: 3.294 Thread 0x0000000057217800 Uncommon trap: trap_request=0xffffff65 fr.pc=0x0000000002d15418
Event: 3.294 Thread 0x0000000057217800 DEOPT PACKING pc=0x0000000002d15418 sp=0x000000005805ebb0
Event: 3.294 Thread 0x0000000057217800 DEOPT UNPACKING pc=0x000000000280582a sp=0x000000005805eb78 mode 2
Event: 3.329 Thread 0x000000005721e000 Uncommon trap: trap_request=0xffffff65 fr.pc=0x0000000002b52144
Event: 3.329 Thread 0x000000005721e000 DEOPT PACKING pc=0x0000000002b52144 sp=0x000000005735e3b0
Event: 3.329 Thread 0x000000005721e000 DEOPT UNPACKING pc=0x000000000280582a sp=0x000000005735e350 mode 2


Dynamic libraries:
0x000000013f430000 - 0x000000013f467000 	D:\JAVA\bin\java.exe
0x00000000778f0000 - 0x0000000077a99000 	C:\Windows\SYSTEM32\ntdll.dll
0x00000000777d0000 - 0x00000000778f0000 	C:\Windows\system32\kernel32.dll
0x000007fefd990000 - 0x000007fefd9fc000 	C:\Windows\system32\KERNELBASE.dll
0x000007feff260000 - 0x000007feff33b000 	C:\Windows\system32\ADVAPI32.dll
0x000007feff1c0000 - 0x000007feff25f000 	C:\Windows\system32\msvcrt.dll
0x000007feff100000 - 0x000007feff11f000 	C:\Windows\SYSTEM32\sechost.dll
0x000007fefe8d0000 - 0x000007fefe9fd000 	C:\Windows\system32\RPCRT4.dll
0x00000000776d0000 - 0x00000000777ca000 	C:\Windows\system32\USER32.dll
0x000007feff910000 - 0x000007feff977000 	C:\Windows\system32\GDI32.dll
0x000007feff620000 - 0x000007feff62e000 	C:\Windows\system32\LPK.dll
0x000007fefda70000 - 0x000007fefdb3a000 	C:\Windows\system32\USP10.dll
0x000007fefbf10000 - 0x000007fefc104000 	C:\Windows\WinSxS\amd64_microsoft.windows.common-controls_6595b64144ccf1df_6.0.7601.18837_none_fa3b1e3d17594757\COMCTL32.dll
0x000007fefebf0000 - 0x000007fefec61000 	C:\Windows\system32\SHLWAPI.dll
0x000007feff5a0000 - 0x000007feff5ce000 	C:\Windows\system32\IMM32.DLL
0x000007feff630000 - 0x000007feff739000 	C:\Windows\system32\MSCTF.dll
0x00000000596e0000 - 0x00000000597b2000 	D:\JAVA\jre\bin\msvcr100.dll
0x0000000055770000 - 0x0000000056000000 	D:\JAVA\jre\bin\server\jvm.dll
0x000007fef25d0000 - 0x000007fef25d9000 	C:\Windows\system32\WSOCK32.dll
0x000007feff5d0000 - 0x000007feff61d000 	C:\Windows\system32\WS2_32.dll
0x000007feff0f0000 - 0x000007feff0f8000 	C:\Windows\system32\NSI.dll
0x000007fefd910000 - 0x000007fefd94b000 	C:\Windows\system32\WINMM.dll
0x000007fefc5a0000 - 0x000007fefc5ac000 	C:\Windows\system32\VERSION.dll
0x0000000077ac0000 - 0x0000000077ac7000 	C:\Windows\system32\PSAPI.DLL
0x0000000074090000 - 0x000000007409f000 	D:\JAVA\jre\bin\verify.dll
0x000000005da00000 - 0x000000005da29000 	D:\JAVA\jre\bin\java.dll
0x000000005d5d0000 - 0x000000005d5e6000 	D:\JAVA\jre\bin\zip.dll
0x000007fefdb40000 - 0x000007fefe8c9000 	C:\Windows\system32\SHELL32.dll
0x000007fefec70000 - 0x000007fefee73000 	C:\Windows\system32\ole32.dll
0x000007fefd5c0000 - 0x000007fefd5cf000 	C:\Windows\system32\profapi.dll

VM Arguments:
jvm_args: -Djava.awt.headless=true -Xmx1024M -Dfile.encoding=GBK -Duser.country=CN -Duser.language=zh -Duser.variant 
java_command: com.android.dx.command.Main --dex --force-jumbo --num-threads=4 --output C:\Users\Adminis\Desktop\Bmob_AndroidSDK_V3.5.0_0627\MusicPlayer\app\build\intermediates\pre-dexed\debug\com.android.support-appcompat-v7-23.3.0_c18a31109507ec20d66047de396b5b3aff9efd43.jar C:\Users\Adminis\Desktop\Bmob_AndroidSDK_V3.5.0_0627\MusicPlayer\app\build\intermediates\exploded-aar\com.android.support\appcompat-v7\23.3.0\jars\classes.jar
java_class_path (initial): D:\eclipse\SDk\android-sdk-windows\build-tools\23.0.3\lib\dx.jar
Launcher Type: SUN_STANDARD

Environment Variables:
JAVA_HOME=D:\JAVA
PATH=D:\JAVA\bin;C:\ProgramData\Oracle\Java\javapath;C:\Program Files (x86)\NVIDIA Corporation\PhysX\Common;C:\Windows\system32;C:\Windows;C:\Windows\System32\Wbem;C:\Windows\System32\WindowsPowerShell\v1.0\;
USERNAME=Adminis
OS=Windows_NT
PROCESSOR_IDENTIFIER=Intel64 Family 6 Model 60 Stepping 3, GenuineIntel



---------------  S Y S T E M  ---------------

OS: Windows 7 , 64 bit Build 7601 (6.1.7601.19045)

CPU:total 4 (2 cores per cpu, 2 threads per core) family 6 model 60 stepping 3, cmov, cx8, fxsr, mmx, sse, sse2, sse3, ssse3, sse4.1, sse4.2, popcnt, avx, avx2, aes, clmul, erms, lzcnt, ht, tsc, tscinvbit, bmi1, bmi2

Memory: 4k page, physical 4062584k(16776k free), swap 7044456k(21076k free)

vm_info: Java HotSpot(TM) 64-Bit Server VM (25.74-b02) for windows-amd64 JRE (1.8.0_74-b02), built on Jan 29 2016 17:42:36 by "java_re" with MS VC++ 10.0 (VS2010)

time: Tue Jul 12 21:46:31 2016
elapsed time: 3 seconds (0d 0h 0m 3s)

