#
# There is insufficient memory for the Java Runtime Environment to continue.
# Native memory allocation (malloc) failed to allocate 1660176 bytes for Chunk::new
# Possible reasons:
#   The system is out of physical RAM or swap space
#   In 32 bit mode, the process size limit was hit
# Possible solutions:
#   Reduce memory load on the system
#   Increase physical memory or swap space
#   Check if swap backing store is full
#   Use 64 bit Java on a 64 bit OS
#   Decrease Java heap size (-Xmx/-Xms)
#   Decrease number of Java threads
#   Decrease Java thread stack sizes (-Xss)
#   Set larger code cache with -XX:ReservedCodeCacheSize=
# This output file may be truncated or incomplete.
#
#  Out of Memory Error (allocation.cpp:390), pid=7476, tid=10704
#
# JRE version: Java(TM) SE Runtime Environment (8.0_74-b02) (build 1.8.0_74-b02)
# Java VM: Java HotSpot(TM) 64-Bit Server VM (25.74-b02 mixed mode windows-amd64 compressed oops)
# Failed to write core dump. Minidumps are not enabled by default on client versions of Windows
#

---------------  T H R E A D  ---------------

Current thread (0x0000000056c2b800):  JavaThread "C2 CompilerThread1" daemon [_thread_in_native, id=10704, stack(0x00000000576e0000,0x00000000577e0000)]

Stack: [0x00000000576e0000,0x00000000577e0000]
[error occurred during error reporting (printing stack bounds), id 0xc0000005]

Native frames: (J=compiled Java code, j=interpreted, Vv=VM code, C=native code)


Current CompileTask:
C2:   3993 1414   !   4       com.android.dx.cf.code.BytecodeArray::parseInstruction (2764 bytes)


---------------  P R O C E S S  ---------------

Java Threads: ( => current thread )
  0x0000000056ec7800 JavaThread "pool-1-thread-4" [_thread_blocked, id=8572, stack(0x00000000587b0000,0x00000000588b0000)]
  0x0000000056ec5000 JavaThread "pool-1-thread-3" [_thread_blocked, id=6292, stack(0x0000000058340000,0x0000000058440000)]
  0x0000000056efa000 JavaThread "pool-1-thread-2" [_thread_blocked, id=7052, stack(0x0000000058620000,0x0000000058720000)]
  0x0000000056ef9800 JavaThread "pool-2-thread-1" [_thread_blocked, id=8992, stack(0x0000000058460000,0x0000000058560000)]
  0x0000000056ef5800 JavaThread "pool-1-thread-1" [_thread_blocked, id=9576, stack(0x00000000575d0000,0x00000000576d0000)]
  0x0000000056c94000 JavaThread "Service Thread" daemon [_thread_blocked, id=10752, stack(0x0000000057900000,0x0000000057a00000)]
  0x0000000056c77800 JavaThread "C1 CompilerThread2" daemon [_thread_blocked, id=8908, stack(0x0000000057800000,0x0000000057900000)]
=>0x0000000056c2b800 JavaThread "C2 CompilerThread1" daemon [_thread_in_native, id=10704, stack(0x00000000576e0000,0x00000000577e0000)]
  0x0000000056c1d800 JavaThread "C2 CompilerThread0" daemon [_thread_in_native, id=6620, stack(0x0000000057430000,0x0000000057530000)]
  0x0000000056c1c800 JavaThread "Attach Listener" daemon [_thread_blocked, id=7632, stack(0x00000000570c0000,0x00000000571c0000)]
  0x00000000550fb000 JavaThread "Signal Dispatcher" daemon [_thread_blocked, id=6800, stack(0x0000000057200000,0x0000000057300000)]
  0x00000000550e9800 JavaThread "Finalizer" daemon [_thread_blocked, id=5364, stack(0x0000000056b10000,0x0000000056c10000)]
  0x00000000550a1800 JavaThread "Reference Handler" daemon [_thread_blocked, id=1492, stack(0x00000000569c0000,0x0000000056ac0000)]
  0x00000000004ed800 JavaThread "main" [_thread_blocked, id=10652, stack(0x00000000026e0000,0x00000000027e0000)]

Other Threads:
  0x000000005509a000 VMThread [stack: 0x00000000568a0000,0x00000000569a0000] [id=10748]
  0x0000000056cdb800 WatcherThread [stack: 0x0000000057a30000,0x0000000057b30000] [id=10056]

VM state:at safepoint (normal execution)

VM Mutex/Monitor currently owned by a thread:  ([mutex/lock_event])
[0x00000000004ebf00] Threads_lock - owner thread: 0x000000005509a000
[0x00000000004ec400] Heap_lock - owner thread: 0x0000000056efa000

Heap:
 PSYoungGen      total 34304K, used 34296K [0x00000000eab00000, 0x00000000ecf00000, 0x0000000100000000)
  eden space 31744K, 100% used [0x00000000eab00000,0x00000000eca00000,0x00000000eca00000)
  from space 2560K, 99% used [0x00000000ecc80000,0x00000000ecefe048,0x00000000ecf00000)
  to   space 2560K, 6% used [0x00000000eca00000,0x00000000eca28000,0x00000000ecc80000)
 ParOldGen       total 42496K, used 2642K [0x00000000c0000000, 0x00000000c2980000, 0x00000000eab00000)
  object space 42496K, 6% used [0x00000000c0000000,0x00000000c0294b88,0x00000000c2980000)
 Metaspace       used 6250K, capacity 7092K, committed 7296K, reserved 1056768K
  class space    used 604K, capacity 620K, committed 640K, reserved 1048576K

Card table byte_map: [0x0000000011ba0000,0x0000000011db0000] byte_map_base: 0x00000000115a0000

Marking Bits: (ParMarkBitMap*) 0x0000000055f80600
 Begin Bits: [0x0000000012510000, 0x0000000013510000)
 End Bits:   [0x0000000013510000, 0x0000000014510000)

Polling page: 0x0000000000430000

CodeCache: size=245760Kb used=6152Kb max_used=6152Kb free=239607Kb
 bounds [0x00000000027e0000, 0x0000000002df0000, 0x00000000117e0000]
 total_blobs=1774 nmethods=1502 adapters=184
 compilation: enabled

Compilation events (10 events):
Event: 3.966 Thread 0x0000000056c77800 nmethod 1511 0x0000000002ddf690 code [0x0000000002ddf880, 0x0000000002de01f8]
Event: 3.966 Thread 0x0000000056c77800 1512       3       com.android.dx.cf.code.Simulator::<init> (66 bytes)
Event: 3.967 Thread 0x0000000056c77800 nmethod 1512 0x0000000002de05d0 code [0x0000000002de0780, 0x0000000002de0eb8]
Event: 3.967 Thread 0x0000000056c77800 1513   !   3       com.android.dx.cf.code.Ropper::doit (126 bytes)
Event: 3.968 Thread 0x0000000056c77800 nmethod 1513 0x0000000002de1150 code [0x0000000002de1440, 0x0000000002de2838]
Event: 3.972 Thread 0x0000000056c77800 1514       3       java.util.concurrent.locks.AbstractQueuedSynchronizer::setHead (16 bytes)
Event: 3.973 Thread 0x0000000056c77800 nmethod 1514 0x0000000002de3490 code [0x0000000002de35e0, 0x0000000002de3790]
Event: 3.974 Thread 0x0000000056c77800 1515       3       java.lang.Boolean::valueOf (14 bytes)
Event: 3.974 Thread 0x0000000056c77800 nmethod 1515 0x0000000002de3850 code [0x0000000002de39a0, 0x0000000002de3b30]
Event: 3.974 Thread 0x0000000056c77800 1516       3       com.android.dx.cf.direct.StdAttributeFactory::localVariableTable (98 bytes)

GC Heap History (4 events):
Event: 1.237 GC heap before
{Heap before GC invocations=1 (full 0):
 PSYoungGen      total 18432K, used 15872K [0x00000000eab00000, 0x00000000ebf80000, 0x0000000100000000)
  eden space 15872K, 100% used [0x00000000eab00000,0x00000000eba80000,0x00000000eba80000)
  from space 2560K, 0% used [0x00000000ebd00000,0x00000000ebd00000,0x00000000ebf80000)
  to   space 2560K, 0% used [0x00000000eba80000,0x00000000eba80000,0x00000000ebd00000)
 ParOldGen       total 42496K, used 0K [0x00000000c0000000, 0x00000000c2980000, 0x00000000eab00000)
  object space 42496K, 0% used [0x00000000c0000000,0x00000000c0000000,0x00000000c2980000)
 Metaspace       used 5473K, capacity 6448K, committed 6528K, reserved 1056768K
  class space    used 593K, capacity 616K, committed 640K, reserved 1048576K
Event: 1.325 GC heap after
Heap after GC invocations=1 (full 0):
 PSYoungGen      total 18432K, used 2547K [0x00000000eab00000, 0x00000000ecf00000, 0x0000000100000000)
  eden space 15872K, 0% used [0x00000000eab00000,0x00000000eab00000,0x00000000eba80000)
  from space 2560K, 99% used [0x00000000eba80000,0x00000000ebcfcc98,0x00000000ebd00000)
  to   space 2560K, 0% used [0x00000000ecc80000,0x00000000ecc80000,0x00000000ecf00000)
 ParOldGen       total 42496K, used 888K [0x00000000c0000000, 0x00000000c2980000, 0x00000000eab00000)
  object space 42496K, 2% used [0x00000000c0000000,0x00000000c00de328,0x00000000c2980000)
 Metaspace       used 5473K, capacity 6448K, committed 6528K, reserved 1056768K
  class space    used 593K, capacity 616K, committed 640K, reserved 1048576K
}
Event: 3.576 GC heap before
{Heap before GC invocations=2 (full 0):
 PSYoungGen      total 18432K, used 18419K [0x00000000eab00000, 0x00000000ecf00000, 0x0000000100000000)
  eden space 15872K, 100% used [0x00000000eab00000,0x00000000eba80000,0x00000000eba80000)
  from space 2560K, 99% used [0x00000000eba80000,0x00000000ebcfcc98,0x00000000ebd00000)
  to   space 2560K, 0% used [0x00000000ecc80000,0x00000000ecc80000,0x00000000ecf00000)
 ParOldGen       total 42496K, used 888K [0x00000000c0000000, 0x00000000c2980000, 0x00000000eab00000)
  object space 42496K, 2% used [0x00000000c0000000,0x00000000c00de328,0x00000000c2980000)
 Metaspace       used 5992K, capacity 6900K, committed 7040K, reserved 1056768K
  class space    used 598K, capacity 620K, committed 640K, reserved 1048576K
Event: 3.611 GC heap after
Heap after GC invocations=2 (full 0):
 PSYoungGen      total 34304K, used 2552K [0x00000000eab00000, 0x00000000ecf00000, 0x0000000100000000)
  eden space 31744K, 0% used [0x00000000eab00000,0x00000000eab00000,0x00000000eca00000)
  from space 2560K, 99% used [0x00000000ecc80000,0x00000000ecefe048,0x00000000ecf00000)
  to   space 2560K, 0% used [0x00000000eca00000,0x00000000eca00000,0x00000000ecc80000)
 ParOldGen       total 42496K, used 2642K [0x00000000c0000000, 0x00000000c2980000, 0x00000000eab00000)
  object space 42496K, 6% used [0x00000000c0000000,0x00000000c0294b88,0x00000000c2980000)
 Metaspace       used 5992K, capacity 6900K, committed 7040K, reserved 1056768K
  class space    used 598K, capacity 620K, committed 640K, reserved 1048576K
}

Deoptimization events (6 events):
Event: 0.550 Thread 0x00000000004ed800 Uncommon trap: reason=unstable_if action=reinterpret pc=0x000000000293b544 method=java.lang.String.compareTo(Ljava/lang/String;)I @ 38
Event: 1.542 Thread 0x0000000056ef5800 Uncommon trap: reason=unstable_if action=reinterpret pc=0x00000000029e1360 method=java.util.BitSet.nextSetBit(I)I @ 87
Event: 1.544 Thread 0x0000000056ef5800 Uncommon trap: reason=unstable_if action=reinterpret pc=0x00000000029d1c60 method=java.util.HashMap.getNode(ILjava/lang/Object;)Ljava/util/HashMap$Node; @ 129
Event: 3.034 Thread 0x0000000056ec7800 Uncommon trap: reason=unstable_if action=reinterpret pc=0x0000000002ac1d04 method=com.android.dx.rop.cst.Constant.compareTo(Lcom/android/dx/rop/cst/Constant;)I @ 12
Event: 3.631 Thread 0x0000000056ec5000 Uncommon trap: reason=null_check action=make_not_entrant pc=0x0000000002a2a1a0 method=com.android.dx.ssa.SsaRenamer.getLocalForNewReg(I)Lcom/android/dx/rop/code/LocalItem; @ 19
Event: 3.847 Thread 0x0000000056ef5800 Uncommon trap: reason=unstable_if action=reinterpret pc=0x0000000002c9b2cc method=com.android.dx.ssa.SCCP.simulateStmt(Lcom/android/dx/ssa/SsaInsn;)V @ 53

Internal exceptions (3 events):
Event: 0.119 Thread 0x00000000004ed800 Exception <a 'java/lang/NoSuchMethodError': Method sun.misc.Unsafe.defineClass(Ljava/lang/String;[BII)Ljava/lang/Class; name or signature does not match> (0x00000000eab07cc0) thrown at [C:\re\workspace\8-2-build-windows-amd64-cygwin\jdk8u74\6087\hotspot\srYí		š’¾?
Event: 0.119 Thread 0x00000000004ed800 Exception <a 'java/lang/NoSuchMethodError': Method sun.misc.Unsafe.prefetchRead(Ljava/lang/Object;J)V name or signature does not match> (0x00000000eab07fa8) thrown at [C:\re\workspace\8-2-build-windows-amd64-cygwin\jdk8u74\6087\hotspot\src\share\vm\prims\jdÙqe@
Event: 3.631 Thread 0x0000000056ec5000 Implicit null exception at 0x0000000002a27f49 to 0x0000000002a2a15d

Events (10 events):
Event: 3.685 loading class com/android/dx/cf/attrib/AttExceptions done
Event: 3.757 loading class com/android/dx/cf/attrib/AttRuntimeInvisibleAnnotations
Event: 3.757 loading class com/android/dx/cf/attrib/AttRuntimeInvisibleAnnotations done
Event: 3.757 loading class com/android/dx/cf/attrib/BaseAnnotations
Event: 3.757 loading class com/android/dx/cf/attrib/BaseAnnotations done
Event: 3.847 Thread 0x0000000056ef5800 Uncommon trap: trap_request=0xffffff65 fr.pc=0x0000000002c9b2cc
Event: 3.847 Thread 0x0000000056ef5800 DEOPT PACKING pc=0x0000000002c9b2cc sp=0x00000000576ced80
Event: 3.847 Thread 0x0000000056ef5800 DEOPT UNPACKING pc=0x000000000282582a sp=0x00000000576ced68 mode 2
Event: 3.912 loading class com/android/dx/cf/code/SwitchList
Event: 3.912 loading class com/android/dx/cf/code/SwitchList done


Dynamic libraries:
0x000000013f430000 - 0x000000013f467000 	D:\JAVA\bin\java.exe
0x00000000778f0000 - 0x0000000077a99000 	C:\Windows\SYSTEM32\ntdll.dll
0x00000000777d0000 - 0x00000000778f0000 	C:\Windows\system32\kernel32.dll
0x000007fefd990000 - 0x000007fefd9fc000 	C:\Windows\system32\KERNELBASE.dll
0x000007feff260000 - 0x000007feff33b000 	C:\Windows\system32\ADVAPI32.dll
0x000007feff1c0000 - 0x000007feff25f000 	C:\Windows\system32\msvcrt.dll
0x000007feff100000 - 0x000007feff11f000 	C:\Windows\SYSTEM32\sechost.dll
0x000007fefe8d0000 - 0x000007fefe9fd000 	C:\Windows\system32\RPCRT4.dll
0x00000000776d0000 - 0x00000000777ca000 	C:\Windows\system32\USER32.dll
0x000007feff910000 - 0x000007feff977000 	C:\Windows\system32\GDI32.dll
0x000007feff620000 - 0x000007feff62e000 	C:\Windows\system32\LPK.dll
0x000007fefda70000 - 0x000007fefdb3a000 	C:\Windows\system32\USP10.dll
0x000007fefbf10000 - 0x000007fefc104000 	C:\Windows\WinSxS\amd64_microsoft.windows.common-controls_6595b64144ccf1df_6.0.7601.18837_none_fa3b1e3d17594757\COMCTL32.dll
0x000007fefebf0000 - 0x000007fefec61000 	C:\Windows\system32\SHLWAPI.dll
0x000007feff5a0000 - 0x000007feff5ce000 	C:\Windows\system32\IMM32.DLL
0x000007feff630000 - 0x000007feff739000 	C:\Windows\system32\MSCTF.dll
0x00000000596e0000 - 0x00000000597b2000 	D:\JAVA\jre\bin\msvcr100.dll
0x0000000055770000 - 0x0000000056000000 	D:\JAVA\jre\bin\server\jvm.dll
0x000007fef25d0000 - 0x000007fef25d9000 	C:\Windows\system32\WSOCK32.dll
0x000007feff5d0000 - 0x000007feff61d000 	C:\Windows\system32\WS2_32.dll
0x000007feff0f0000 - 0x000007feff0f8000 	C:\Windows\system32\NSI.dll
0x000007fefd910000 - 0x000007fefd94b000 	C:\Windows\system32\WINMM.dll
0x000007fefc5a0000 - 0x000007fefc5ac000 	C:\Windows\system32\VERSION.dll
0x0000000077ac0000 - 0x0000000077ac7000 	C:\Windows\system32\PSAPI.DLL
0x0000000074090000 - 0x000000007409f000 	D:\JAVA\jre\bin\verify.dll
0x000000005da00000 - 0x000000005da29000 	D:\JAVA\jre\bin\java.dll
0x000000005d5d0000 - 0x000000005d5e6000 	D:\JAVA\jre\bin\zip.dll
0x000007fefdb40000 - 0x000007fefe8c9000 	C:\Windows\system32\SHELL32.dll
0x000007fefec70000 - 0x000007fefee73000 	C:\Windows\system32\ole32.dll
0x000007fefd5c0000 - 0x000007fefd5cf000 	C:\Windows\system32\profapi.dll

VM Arguments:
jvm_args: -Djava.awt.headless=true -Xmx1024M -Dfile.encoding=GBK -Duser.country=CN -Duser.language=zh -Duser.variant 
java_command: com.android.dx.command.Main --dex --force-jumbo --num-threads=4 --output C:\Users\Adminis\Desktop\Bmob_AndroidSDK_V3.5.0_0627\MusicPlayer\app\build\intermediates\pre-dexed\debug\internal_impl-23.3.0_a0ffdf69de725d7b1c04735418d3e5a84bd2a35e.jar C:\Users\Adminis\Desktop\Bmob_AndroidSDK_V3.5.0_0627\MusicPlayer\app\build\intermediates\exploded-aar\com.android.support\support-v4\23.3.0\jars\libs\internal_impl-23.3.0.jar
java_class_path (initial): D:\eclipse\SDk\android-sdk-windows\build-tools\23.0.3\lib\dx.jar
Launcher Type: SUN_STANDARD

Environment Variables:
JAVA_HOME=D:\JAVA
PATH=D:\JAVA\bin;C:\ProgramData\Oracle\Java\javapath;C:\Program Files (x86)\NVIDIA Corporation\PhysX\Common;C:\Windows\system32;C:\Windows;C:\Windows\System32\Wbem;C:\Windows\System32\WindowsPowerShell\v1.0\;
USERNAME=Adminis
OS=Windows_NT
PROCESSOR_IDENTIFIER=Intel64 Family 6 Model 60 Stepping 3, GenuineIntel



---------------  S Y S T E M  ---------------

OS: Windows 7 , 64 bit Build 7601 (6.1.7601.19045)

CPU:total 4 (2 cores per cpu, 2 threads per core) family 6 model 60 stepping 3, cmov, cx8, fxsr, mmx, sse, sse2, sse3, ssse3, sse4.1, sse4.2, popcnt, avx, avx2, aes, clmul, erms, lzcnt, ht, tsc, tscinvbit, bmi1, bmi2

Memory: 4k page, physical 4062584k(15928k free), swap 7060840k(21176k free)

vm_info: Java HotSpot(TM) 64-Bit Server VM (25.74-b02) for windows-amd64 JRE (1.8.0_74-b02), built on Jan 29 2016 17:42:36 by "java_re" with MS VC++ 10.0 (VS2010)

time: Tue Jul 12 21:46:31 2016
elapsed time: 3 seconds (0d 0h 0m 3s)

