#
# There is insufficient memory for the Java Runtime Environment to continue.
# Native memory allocation (malloc) failed to allocate 2218576 bytes for Chunk::new
# Possible reasons:
#   The system is out of physical RAM or swap space
#   In 32 bit mode, the process size limit was hit
# Possible solutions:
#   Reduce memory load on the system
#   Increase physical memory or swap space
#   Check if swap backing store is full
#   Use 64 bit Java on a 64 bit OS
#   Decrease Java heap size (-Xmx/-Xms)
#   Decrease number of Java threads
#   Decrease Java thread stack sizes (-Xss)
#   Set larger code cache with -XX:ReservedCodeCacheSize=
# This output file may be truncated or incomplete.
#
#  Out of Memory Error (allocation.cpp:390), pid=11124, tid=1476
#
# JRE version: Java(TM) SE Runtime Environment (8.0_74-b02) (build 1.8.0_74-b02)
# Java VM: Java HotSpot(TM) 64-Bit Server VM (25.74-b02 mixed mode windows-amd64 compressed oops)
# Failed to write core dump. Minidumps are not enabled by default on client versions of Windows
#

---------------  T H R E A D  ---------------

Current thread (0x000000005503e800):  JavaThread "C2 CompilerThread0" daemon [_thread_in_native, id=1476, stack(0x00000000573e0000,0x00000000574e0000)]

Stack: [0x00000000573e0000,0x00000000574e0000]
[error occurred during error reporting (printing stack bounds), id 0xc0000005]

Native frames: (J=compiled Java code, j=interpreted, Vv=VM code, C=native code)


Current CompileTask:
C2:   3476 1208   !   4       com.android.dx.cf.cst.ConstantPoolParser::parse0 (731 bytes)


---------------  P R O C E S S  ---------------

Java Threads: ( => current thread )
  0x0000000057b90800 JavaThread "pool-1-thread-4" [_thread_blocked, id=10520, stack(0x0000000058950000,0x0000000058a50000)]
  0x00000000570cf000 JavaThread "pool-1-thread-3" [_thread_blocked, id=9844, stack(0x0000000058790000,0x0000000058890000)]
  0x00000000570cb000 JavaThread "pool-1-thread-2" [_thread_blocked, id=8476, stack(0x00000000585b0000,0x00000000586b0000)]
  0x000000005709c800 JavaThread "pool-2-thread-1" [_thread_blocked, id=3132, stack(0x0000000057810000,0x0000000057910000)]
  0x00000000570dd800 JavaThread "pool-1-thread-1" [_thread_blocked, id=9272, stack(0x0000000058440000,0x0000000058540000)]
  0x0000000056dbd800 JavaThread "Service Thread" daemon [_thread_blocked, id=10848, stack(0x0000000057910000,0x0000000057a10000)]
  0x0000000056d98000 JavaThread "C1 CompilerThread2" daemon [_thread_blocked, id=6536, stack(0x0000000057680000,0x0000000057780000)]
  0x0000000056d97000 JavaThread "C2 CompilerThread1" daemon [_thread_blocked, id=10780, stack(0x0000000057570000,0x0000000057670000)]
=>0x000000005503e800 JavaThread "C2 CompilerThread0" daemon [_thread_in_native, id=1476, stack(0x00000000573e0000,0x00000000574e0000)]
  0x0000000056d3a800 JavaThread "Attach Listener" daemon [_thread_blocked, id=10048, stack(0x0000000057180000,0x0000000057280000)]
  0x000000005502b000 JavaThread "Signal Dispatcher" daemon [_thread_blocked, id=11088, stack(0x00000000572a0000,0x00000000573a0000)]
  0x0000000055019800 JavaThread "Finalizer" daemon [_thread_blocked, id=10184, stack(0x0000000056c30000,0x0000000056d30000)]
  0x0000000054fd1800 JavaThread "Reference Handler" daemon [_thread_blocked, id=10488, stack(0x0000000056b20000,0x0000000056c20000)]
  0x000000000035d800 JavaThread "main" [_thread_in_Java, id=9988, stack(0x00000000027f0000,0x00000000028f0000)]

Other Threads:
  0x0000000054fca000 VMThread [stack: 0x0000000056910000,0x0000000056a10000] [id=11208]
  0x0000000056e08000 WatcherThread [stack: 0x0000000057a90000,0x0000000057b90000] [id=4268]

VM state:not at safepoint (normal execution)

VM Mutex/Monitor currently owned by a thread: None

Heap:
 PSYoungGen      total 34304K, used 21573K [0x00000000eab00000, 0x00000000ecf00000, 0x0000000100000000)
  eden space 31744K, 59% used [0x00000000eab00000,0x00000000ebd94470,0x00000000eca00000)
  from space 2560K, 99% used [0x00000000ecc80000,0x00000000ecefd148,0x00000000ecf00000)
  to   space 2560K, 0% used [0x00000000eca00000,0x00000000eca00000,0x00000000ecc80000)
 ParOldGen       total 42496K, used 2823K [0x00000000c0000000, 0x00000000c2980000, 0x00000000eab00000)
  object space 42496K, 6% used [0x00000000c0000000,0x00000000c02c1e68,0x00000000c2980000)
 Metaspace       used 6062K, capacity 6964K, committed 7040K, reserved 1056768K
  class space    used 605K, capacity 620K, committed 640K, reserved 1048576K

Card table byte_map: [0x0000000011cb0000,0x0000000011ec0000] byte_map_base: 0x00000000116b0000

Marking Bits: (ParMarkBitMap*) 0x0000000055f80600
 Begin Bits: [0x0000000012440000, 0x0000000013440000)
 End Bits:   [0x0000000013440000, 0x0000000014440000)

Polling page: 0x0000000000340000

CodeCache: size=245760Kb used=4736Kb max_used=4762Kb free=241023Kb
 bounds [0x00000000028f0000, 0x0000000002da0000, 0x00000000118f0000]
 total_blobs=1464 nmethods=1193 adapters=184
 compilation: enabled

Compilation events (10 events):
Event: 3.214 Thread 0x000000005503e800 nmethod 1175 0x0000000002d8d650 code [0x0000000002d8eb80, 0x0000000002d94ff8]
Event: 3.215 Thread 0x000000005503e800 1197       4       com.android.dx.rop.code.RegisterSpec::makeLocalOptional (7 bytes)
Event: 3.215 Thread 0x000000005503e800 nmethod 1197 0x0000000002d121d0 code [0x0000000002d12320, 0x0000000002d12388]
Event: 3.215 Thread 0x000000005503e800 1192       4       java.util.ArrayList::subListRangeCheck (110 bytes)
Event: 3.216 Thread 0x000000005503e800 nmethod 1192 0x0000000002d7da10 code [0x0000000002d7db40, 0x0000000002d7dbd8]
Event: 3.216 Thread 0x000000005503e800 1193       4       java.util.ArrayList$SubList::<init> (46 bytes)
Event: 3.217 Thread 0x000000005503e800 nmethod 1193 0x0000000002d7d790 code [0x0000000002d7d8c0, 0x0000000002d7d958]
Event: 3.217 Thread 0x000000005503e800 1207       4       com.android.dx.rop.cst.CstBaseMethodRef::compareTo0 (29 bytes)
Event: 3.225 Thread 0x000000005503e800 nmethod 1207 0x0000000002d8a150 code [0x0000000002d8a2e0, 0x0000000002d8abb8]
Event: 3.225 Thread 0x000000005503e800 1208   !   4       com.android.dx.cf.cst.ConstantPoolParser::parse0 (731 bytes)

GC Heap History (4 events):
Event: 1.456 GC heap before
{Heap before GC invocations=1 (full 0):
 PSYoungGen      total 18432K, used 15872K [0x00000000eab00000, 0x00000000ebf80000, 0x0000000100000000)
  eden space 15872K, 100% used [0x00000000eab00000,0x00000000eba80000,0x00000000eba80000)
  from space 2560K, 0% used [0x00000000ebd00000,0x00000000ebd00000,0x00000000ebf80000)
  to   space 2560K, 0% used [0x00000000eba80000,0x00000000eba80000,0x00000000ebd00000)
 ParOldGen       total 42496K, used 0K [0x00000000c0000000, 0x00000000c2980000, 0x00000000eab00000)
  object space 42496K, 0% used [0x00000000c0000000,0x00000000c0000000,0x00000000c2980000)
 Metaspace       used 5557K, capacity 6514K, committed 6784K, reserved 1056768K
  class space    used 600K, capacity 618K, committed 640K, reserved 1048576K
Event: 1.622 GC heap after
Heap after GC invocations=1 (full 0):
 PSYoungGen      total 18432K, used 2557K [0x00000000eab00000, 0x00000000ecf00000, 0x0000000100000000)
  eden space 15872K, 0% used [0x00000000eab00000,0x00000000eab00000,0x00000000eba80000)
  from space 2560K, 99% used [0x00000000eba80000,0x00000000ebcff5d0,0x00000000ebd00000)
  to   space 2560K, 0% used [0x00000000ecc80000,0x00000000ecc80000,0x00000000ecf00000)
 ParOldGen       total 42496K, used 1020K [0x00000000c0000000, 0x00000000c2980000, 0x00000000eab00000)
  object space 42496K, 2% used [0x00000000c0000000,0x00000000c00ff0d0,0x00000000c2980000)
 Metaspace       used 5557K, capacity 6514K, committed 6784K, reserved 1056768K
  class space    used 600K, capacity 618K, committed 640K, reserved 1048576K
}
Event: 2.899 GC heap before
{Heap before GC invocations=2 (full 0):
 PSYoungGen      total 18432K, used 18429K [0x00000000eab00000, 0x00000000ecf00000, 0x0000000100000000)
  eden space 15872K, 100% used [0x00000000eab00000,0x00000000eba80000,0x00000000eba80000)
  from space 2560K, 99% used [0x00000000eba80000,0x00000000ebcff5d0,0x00000000ebd00000)
  to   space 2560K, 0% used [0x00000000ecc80000,0x00000000ecc80000,0x00000000ecf00000)
 ParOldGen       total 42496K, used 1020K [0x00000000c0000000, 0x00000000c2980000, 0x00000000eab00000)
  object space 42496K, 2% used [0x00000000c0000000,0x00000000c00ff0d0,0x00000000c2980000)
 Metaspace       used 6022K, capacity 6900K, committed 7040K, reserved 1056768K
  class space    used 605K, capacity 620K, committed 640K, reserved 1048576K
Event: 3.198 GC heap after
Heap after GC invocations=2 (full 0):
 PSYoungGen      total 34304K, used 2548K [0x00000000eab00000, 0x00000000ecf00000, 0x0000000100000000)
  eden space 31744K, 0% used [0x00000000eab00000,0x00000000eab00000,0x00000000eca00000)
  from space 2560K, 99% used [0x00000000ecc80000,0x00000000ecefd148,0x00000000ecf00000)
  to   space 2560K, 0% used [0x00000000eca00000,0x00000000eca00000,0x00000000ecc80000)
 ParOldGen       total 42496K, used 2823K [0x00000000c0000000, 0x00000000c2980000, 0x00000000eab00000)
  object space 42496K, 6% used [0x00000000c0000000,0x00000000c02c1e68,0x00000000c2980000)
 Metaspace       used 6022K, capacity 6900K, committed 7040K, reserved 1056768K
  class space    used 605K, capacity 620K, committed 640K, reserved 1048576K
}

Deoptimization events (7 events):
Event: 1.430 Thread 0x00000000570cb000 Uncommon trap: reason=unstable_if action=reinterpret pc=0x0000000002affde8 method=java.util.HashMap.getNode(ILjava/lang/Object;)Ljava/util/HashMap$Node; @ 62
Event: 1.823 Thread 0x00000000570cb000 Uncommon trap: reason=unstable_if action=reinterpret pc=0x0000000002bccdf4 method=com.android.dx.rop.code.RegisterSpec.equals(ILcom/android/dx/rop/type/TypeBearer;Lcom/android/dx/rop/code/LocalItem;)Z @ 42
Event: 2.511 Thread 0x0000000057b90800 Uncommon trap: reason=unstable_if action=reinterpret pc=0x0000000002c067dc method=com.android.dx.rop.code.RegisterSpecSet.put(Lcom/android/dx/rop/code/RegisterSpec;)V @ 77
Event: 2.511 Thread 0x0000000057b90800 Uncommon trap: reason=unstable_if action=reinterpret pc=0x0000000002c5abd8 method=com.android.dx.rop.code.RegisterSpecSet.put(Lcom/android/dx/rop/code/RegisterSpec;)V @ 77
Event: 3.225 Thread 0x00000000570dd800 Uncommon trap: reason=bimorphic action=maybe_recompile pc=0x0000000002d8f378 method=com.android.dx.cf.code.BytecodeArray.parseInstruction(ILcom/android/dx/cf/code/BytecodeArray$Visitor;)I @ 2484
Event: 3.225 Thread 0x00000000570dd800 Uncommon trap: reason=bimorphic action=maybe_recompile pc=0x0000000002d8f378 method=com.android.dx.cf.code.BytecodeArray.parseInstruction(ILcom/android/dx/cf/code/BytecodeArray$Visitor;)I @ 2484
Event: 3.308 Thread 0x000000000035d800 Uncommon trap: reason=unstable_if action=reinterpret pc=0x0000000002bcc844 method=com.android.dx.rop.cst.Constant.compareTo(Lcom/android/dx/rop/cst/Constant;)I @ 12

Internal exceptions (2 events):
Event: 0.055 Thread 0x000000000035d800 Exception <a 'java/lang/NoSuchMethodError': Method sun.misc.Unsafe.defineClass(Ljava/lang/String;[BII)Ljava/lang/Class; name or signature does not match> (0x00000000eab07cc0) thrown at [C:\re\workspace\8-2-build-windows-amd64-cygwin\jdk8u74\6087\hotspot\src„*ct¬?
Event: 0.055 Thread 0x000000000035d800 Exception <a 'java/lang/NoSuchMethodError': Method sun.misc.Unsafe.prefetchRead(Ljava/lang/Object;J)V name or signature does not match> (0x00000000eab07fa8) thrown at [C:\re\workspace\8-2-build-windows-amd64-cygwin\jdk8u74\6087\hotspot\src\share\vm\prims\j

Events (10 events):
Event: 3.198 Executing VM operation: ParallelGCFailedAllocation done
Event: 3.225 Thread 0x00000000570dd800 Uncommon trap: trap_request=0xffffffc6 fr.pc=0x0000000002d8f378
Event: 3.225 Thread 0x00000000570dd800 DEOPT PACKING pc=0x0000000002d8f378 sp=0x000000005853eca0
Event: 3.225 Thread 0x00000000570dd800 DEOPT UNPACKING pc=0x000000000293582a sp=0x000000005853ec28 mode 2
Event: 3.225 Thread 0x00000000570dd800 Uncommon trap: trap_request=0xffffffc6 fr.pc=0x0000000002d8f378
Event: 3.225 Thread 0x00000000570dd800 DEOPT PACKING pc=0x0000000002d8f378 sp=0x000000005853ea60
Event: 3.225 Thread 0x00000000570dd800 DEOPT UNPACKING pc=0x000000000293582a sp=0x000000005853e9e8 mode 2
Event: 3.308 Thread 0x000000000035d800 Uncommon trap: trap_request=0xffffff65 fr.pc=0x0000000002bcc844
Event: 3.308 Thread 0x000000000035d800 DEOPT PACKING pc=0x0000000002bcc844 sp=0x00000000028ee3b0
Event: 3.308 Thread 0x000000000035d800 DEOPT UNPACKING pc=0x000000000293582a sp=0x00000000028ee350 mode 2


Dynamic libraries:
0x000000013f430000 - 0x000000013f467000 	D:\JAVA\bin\java.exe
0x00000000778f0000 - 0x0000000077a99000 	C:\Windows\SYSTEM32\ntdll.dll
0x00000000777d0000 - 0x00000000778f0000 	C:\Windows\system32\kernel32.dll
0x000007fefd990000 - 0x000007fefd9fc000 	C:\Windows\system32\KERNELBASE.dll
0x000007feff260000 - 0x000007feff33b000 	C:\Windows\system32\ADVAPI32.dll
0x000007feff1c0000 - 0x000007feff25f000 	C:\Windows\system32\msvcrt.dll
0x000007feff100000 - 0x000007feff11f000 	C:\Windows\SYSTEM32\sechost.dll
0x000007fefe8d0000 - 0x000007fefe9fd000 	C:\Windows\system32\RPCRT4.dll
0x00000000776d0000 - 0x00000000777ca000 	C:\Windows\system32\USER32.dll
0x000007feff910000 - 0x000007feff977000 	C:\Windows\system32\GDI32.dll
0x000007feff620000 - 0x000007feff62e000 	C:\Windows\system32\LPK.dll
0x000007fefda70000 - 0x000007fefdb3a000 	C:\Windows\system32\USP10.dll
0x000007fefbf10000 - 0x000007fefc104000 	C:\Windows\WinSxS\amd64_microsoft.windows.common-controls_6595b64144ccf1df_6.0.7601.18837_none_fa3b1e3d17594757\COMCTL32.dll
0x000007fefebf0000 - 0x000007fefec61000 	C:\Windows\system32\SHLWAPI.dll
0x000007feff5a0000 - 0x000007feff5ce000 	C:\Windows\system32\IMM32.DLL
0x000007feff630000 - 0x000007feff739000 	C:\Windows\system32\MSCTF.dll
0x00000000596e0000 - 0x00000000597b2000 	D:\JAVA\jre\bin\msvcr100.dll
0x0000000055770000 - 0x0000000056000000 	D:\JAVA\jre\bin\server\jvm.dll
0x000007fef25d0000 - 0x000007fef25d9000 	C:\Windows\system32\WSOCK32.dll
0x000007feff5d0000 - 0x000007feff61d000 	C:\Windows\system32\WS2_32.dll
0x000007feff0f0000 - 0x000007feff0f8000 	C:\Windows\system32\NSI.dll
0x000007fefd910000 - 0x000007fefd94b000 	C:\Windows\system32\WINMM.dll
0x000007fefc5a0000 - 0x000007fefc5ac000 	C:\Windows\system32\VERSION.dll
0x0000000077ac0000 - 0x0000000077ac7000 	C:\Windows\system32\PSAPI.DLL
0x0000000074090000 - 0x000000007409f000 	D:\JAVA\jre\bin\verify.dll
0x000000005da00000 - 0x000000005da29000 	D:\JAVA\jre\bin\java.dll
0x000000005d5d0000 - 0x000000005d5e6000 	D:\JAVA\jre\bin\zip.dll
0x000007fefdb40000 - 0x000007fefe8c9000 	C:\Windows\system32\SHELL32.dll
0x000007fefec70000 - 0x000007fefee73000 	C:\Windows\system32\ole32.dll
0x000007fefd5c0000 - 0x000007fefd5cf000 	C:\Windows\system32\profapi.dll

VM Arguments:
jvm_args: -Djava.awt.headless=true -Xmx1024M -Dfile.encoding=GBK -Duser.country=CN -Duser.language=zh -Duser.variant 
java_command: com.android.dx.command.Main --dex --force-jumbo --num-threads=4 --output C:\Users\Adminis\Desktop\Bmob_AndroidSDK_V3.5.0_0627\MusicPlayer\app\build\intermediates\pre-dexed\debug\com.android.support-appcompat-v7-23.3.0_c18a31109507ec20d66047de396b5b3aff9efd43.jar C:\Users\Adminis\Desktop\Bmob_AndroidSDK_V3.5.0_0627\MusicPlayer\app\build\intermediates\exploded-aar\com.android.support\appcompat-v7\23.3.0\jars\classes.jar
java_class_path (initial): D:\eclipse\SDk\android-sdk-windows\build-tools\23.0.3\lib\dx.jar
Launcher Type: SUN_STANDARD

Environment Variables:
JAVA_HOME=D:\JAVA
PATH=D:\JAVA\bin;C:\ProgramData\Oracle\Java\javapath;C:\Program Files (x86)\NVIDIA Corporation\PhysX\Common;C:\Windows\system32;C:\Windows;C:\Windows\System32\Wbem;C:\Windows\System32\WindowsPowerShell\v1.0\;
USERNAME=Adminis
OS=Windows_NT
PROCESSOR_IDENTIFIER=Intel64 Family 6 Model 60 Stepping 3, GenuineIntel



---------------  S Y S T E M  ---------------

OS: Windows 7 , 64 bit Build 7601 (6.1.7601.19045)

CPU:total 4 (2 cores per cpu, 2 threads per core) family 6 model 60 stepping 3, cmov, cx8, fxsr, mmx, sse, sse2, sse3, ssse3, sse4.1, sse4.2, popcnt, avx, avx2, aes, clmul, erms, lzcnt, ht, tsc, tscinvbit, bmi1, bmi2

Memory: 4k page, physical 4062584k(12572k free), swap 7132748k(14152k free)

vm_info: Java HotSpot(TM) 64-Bit Server VM (25.74-b02) for windows-amd64 JRE (1.8.0_74-b02), built on Jan 29 2016 17:42:36 by "java_re" with MS VC++ 10.0 (VS2010)

time: Tue Jul 12 21:53:20 2016
elapsed time: 3 seconds (0d 0h 0m 3s)

